[05-Dec-2018 07:29:33 UTC] PHP Fatal error:  Uncaught exception 'PDOException' with message 'SQLSTATE[42000]: Syntax error or access violation: 1064 You have an error in your SQL syntax; check the manual that corresponds to your MySQL server version for the right syntax to use near 'age
        FROM pets
        WHERE id = '1'' at line 1' in /home/ubuntu/workspace/cst336/labs/pets/api/getPetInfo.php:10
Stack trace:
#0 /home/ubuntu/workspace/cst336/labs/pets/api/getPetInfo.php(10): PDOStatement->execute(Array)
#1 {main}
  thrown in /home/ubuntu/workspace/cst336/labs/pets/api/getPetInfo.php on line 10
[05-Dec-2018 07:37:09 UTC] PHP Fatal error:  Uncaught exception 'PDOException' with message 'SQLSTATE[42000]: Syntax error or access violation: 1064 You have an error in your SQL syntax; check the manual that corresponds to your MySQL server version for the right syntax to use near 'age
        FROM pets
        WHERE id = '1'' at line 1' in /home/ubuntu/workspace/cst336/labs/pets/api/getPetInfo.php:10
Stack trace:
#0 /home/ubuntu/workspace/cst336/labs/pets/api/getPetInfo.php(10): PDOStatement->execute(Array)
#1 {main}
  thrown in /home/ubuntu/workspace/cst336/labs/pets/api/getPetInfo.php on line 10
[05-Dec-2018 07:37:33 UTC] PHP Fatal error:  Uncaught exception 'PDOException' with message 'SQLSTATE[42000]: Syntax error or access violation: 1064 You have an error in your SQL syntax; check the manual that corresponds to your MySQL server version for the right syntax to use near 'age
        FROM pets
        WHERE id = '1'' at line 1' in /home/ubuntu/workspace/cst336/labs/pets/api/getPetInfo.php:10
Stack trace:
#0 /home/ubuntu/workspace/cst336/labs/pets/api/getPetInfo.php(10): PDOStatement->execute(Array)
#1 {main}
  thrown in /home/ubuntu/workspace/cst336/labs/pets/api/getPetInfo.php on line 10
[05-Dec-2018 07:39:30 UTC] PHP Fatal error:  Uncaught exception 'PDOException' with message 'SQLSTATE[42000]: Syntax error or access violation: 1064 You have an error in your SQL syntax; check the manual that corresponds to your MySQL server version for the right syntax to use near 'age
        FROM pets
        WHERE id = '1'' at line 1' in /home/ubuntu/workspace/cst336/labs/pets/api/getPetInfo.php:10
Stack trace:
#0 /home/ubuntu/workspace/cst336/labs/pets/api/getPetInfo.php(10): PDOStatement->execute(Array)
#1 {main}
  thrown in /home/ubuntu/workspace/cst336/labs/pets/api/getPetInfo.php on line 10
[05-Dec-2018 07:40:52 UTC] PHP Fatal error:  Uncaught exception 'PDOException' with message 'SQLSTATE[42000]: Syntax error or access violation: 1064 You have an error in your SQL syntax; check the manual that corresponds to your MySQL server version for the right syntax to use near 'age
        FROM pets
        WHERE id = '1'' at line 1' in /home/ubuntu/workspace/cst336/labs/pets/api/getPetInfo.php:10
Stack trace:
#0 /home/ubuntu/workspace/cst336/labs/pets/api/getPetInfo.php(10): PDOStatement->execute(Array)
#1 {main}
  thrown in /home/ubuntu/workspace/cst336/labs/pets/api/getPetInfo.php on line 10
[05-Dec-2018 07:43:09 UTC] PHP Fatal error:  Uncaught exception 'PDOException' with message 'SQLSTATE[42000]: Syntax error or access violation: 1064 You have an error in your SQL syntax; check the manual that corresponds to your MySQL server version for the right syntax to use near 'age
        FROM pets
        WHERE id = '1'' at line 1' in /home/ubuntu/workspace/cst336/labs/pets/api/getPetInfo.php:10
Stack trace:
#0 /home/ubuntu/workspace/cst336/labs/pets/api/getPetInfo.php(10): PDOStatement->execute(Array)
#1 {main}
  thrown in /home/ubuntu/workspace/cst336/labs/pets/api/getPetInfo.php on line 10
